STAGE DEPENDENCIES:
  Stage-1 is a root stage
  Stage-0 depends on stages: Stage-1

STAGE PLANS:
  Stage: Stage-1
    Tez
      DagId: hive_20210625112121_a9537ca4-e40a-4f41-bf84-f5ce891f40a3:3
      Edges:
        Map 7 <- Map 1 (BROADCAST_EDGE), Map 10 (BROADCAST_EDGE)
        Reducer 4 <- Map 3 (SIMPLE_EDGE), Reducer 9 (SIMPLE_EDGE)
        Reducer 5 <- Reducer 4 (SIMPLE_EDGE), Reducer 8 (SIMPLE_EDGE)
        Reducer 6 <- Reducer 5 (SIMPLE_EDGE)
        Reducer 8 <- Map 7 (SIMPLE_EDGE)
        Reducer 9 <- Map 2 (CUSTOM_SIMPLE_EDGE), Map 7 (SIMPLE_EDGE)
      DagName: hive_20210625112121_a9537ca4-e40a-4f41-bf84-f5ce891f40a3:3
      Vertices:
        Map 1 
            Map Operator Tree:
                TableScan
                  alias: date_dim
                  Statistics: Num rows: 73049 Data size: 11980036 Basic stats: COMPLETE Column stats: NONE
                  GatherStats: false
                  Filter Operator
                    isSamplingPred: false
                    predicate: ((d_year = 2000) and d_date_sk is not null) (type: boolean)
                    Statistics: Num rows: 36524 Data size: 5989936 Basic stats: COMPLETE Column stats: NONE
                    Select Operator
                      expressions: d_date_sk (type: bigint)
                      outputColumnNames: _col0
                      Statistics: Num rows: 36524 Data size: 5989936 Basic stats: COMPLETE Column stats: NONE
                      Reduce Output Operator
                        key expressions: _col0 (type: bigint)
                        null sort order: a
                        sort order: +
                        Map-reduce partition columns: _col0 (type: bigint)
                        Statistics: Num rows: 36524 Data size: 5989936 Basic stats: COMPLETE Column stats: NONE
                        tag: 1
                        auto parallelism: true
            Execution mode: vectorized
            Path -> Alias:
              hdfs://dbg20:9000/hive-3.1.0/tpcds_orc_100_transformed.db/date_dim [date_dim]
            Path -> Partition:
              hdfs://dbg20:9000/hive-3.1.0/tpcds_orc_100_transformed.db/date_dim 
                Partition
                  base file name: date_dim
                  input format: org.apache.hadoop.hive.ql.io.orc.OrcInputFormat
                  output format: org.apache.hadoop.hive.ql.io.orc.OrcOutputFormat
                  properties:
                    COLUMN_STATS_ACCURATE {"BASIC_STATS":"true"}
                    bucket_count -1
                    bucketing_version 2
                    column.name.delimiter ,
                    columns d_date_sk,d_date_id,d_date,d_month_seq,d_week_seq,d_quarter_seq,d_year,d_dow,d_moy,d_dom,d_qoy,d_fy_year,d_fy_quarter_seq,d_fy_week_seq,d_day_name,d_quarter_name,d_holiday,d_weekend,d_following_holiday,d_first_dom,d_last_dom,d_same_day_ly,d_same_day_lq,d_current_day,d_current_week,d_current_month,d_current_quarter,d_current_year
                    columns.comments 
                    columns.types bigint:bigint:bigint:int:int:int:int:int:int:int:int:int:int:int:bigint:bigint:bigint:bigint:bigint:int:int:int:int:bigint:bigint:bigint:bigint:bigint
                    file.inputformat org.apache.hadoop.hive.ql.io.orc.OrcInputFormat
                    file.outputformat org.apache.hadoop.hive.ql.io.orc.OrcOutputFormat
                    location hdfs://dbg20:9000/hive-3.1.0/tpcds_orc_100_transformed.db/date_dim
                    name tpcds_orc_100_transformed.date_dim
                    numFiles 1
                    numRows 73049
                    orc.compress NONE
                    rawDataSize 11980036
                    serialization.ddl struct date_dim { i64 d_date_sk, i64 d_date_id, i64 d_date, i32 d_month_seq, i32 d_week_seq, i32 d_quarter_seq, i32 d_year, i32 d_dow, i32 d_moy, i32 d_dom, i32 d_qoy, i32 d_fy_year, i32 d_fy_quarter_seq, i32 d_fy_week_seq, i64 d_day_name, i64 d_quarter_name, i64 d_holiday, i64 d_weekend, i64 d_following_holiday, i32 d_first_dom, i32 d_last_dom, i32 d_same_day_ly, i32 d_same_day_lq, i64 d_current_day, i64 d_current_week, i64 d_current_month, i64 d_current_quarter, i64 d_current_year}
                    serialization.format 1
                    serialization.lib org.apache.hadoop.hive.ql.io.orc.OrcSerde
                    totalSize 607097
                    transient_lastDdlTime 1621862429
                  serde: org.apache.hadoop.hive.ql.io.orc.OrcSerde
                
                    input format: org.apache.hadoop.hive.ql.io.orc.OrcInputFormat
                    output format: org.apache.hadoop.hive.ql.io.orc.OrcOutputFormat
                    properties:
                      COLUMN_STATS_ACCURATE {"BASIC_STATS":"true"}
                      bucket_count -1
                      bucketing_version 2
                      column.name.delimiter ,
                      columns d_date_sk,d_date_id,d_date,d_month_seq,d_week_seq,d_quarter_seq,d_year,d_dow,d_moy,d_dom,d_qoy,d_fy_year,d_fy_quarter_seq,d_fy_week_seq,d_day_name,d_quarter_name,d_holiday,d_weekend,d_following_holiday,d_first_dom,d_last_dom,d_same_day_ly,d_same_day_lq,d_current_day,d_current_week,d_current_month,d_current_quarter,d_current_year
                      columns.comments 
                      columns.types bigint:bigint:bigint:int:int:int:int:int:int:int:int:int:int:int:bigint:bigint:bigint:bigint:bigint:int:int:int:int:bigint:bigint:bigint:bigint:bigint
                      file.inputformat org.apache.hadoop.hive.ql.io.orc.OrcInputFormat
                      file.outputformat org.apache.hadoop.hive.ql.io.orc.OrcOutputFormat
                      location hdfs://dbg20:9000/hive-3.1.0/tpcds_orc_100_transformed.db/date_dim
                      name tpcds_orc_100_transformed.date_dim
                      numFiles 1
                      numRows 73049
                      orc.compress NONE
                      rawDataSize 11980036
                      serialization.ddl struct date_dim { i64 d_date_sk, i64 d_date_id, i64 d_date, i32 d_month_seq, i32 d_week_seq, i32 d_quarter_seq, i32 d_year, i32 d_dow, i32 d_moy, i32 d_dom, i32 d_qoy, i32 d_fy_year, i32 d_fy_quarter_seq, i32 d_fy_week_seq, i64 d_day_name, i64 d_quarter_name, i64 d_holiday, i64 d_weekend, i64 d_following_holiday, i32 d_first_dom, i32 d_last_dom, i32 d_same_day_ly, i32 d_same_day_lq, i64 d_current_day, i64 d_current_week, i64 d_current_month, i64 d_current_quarter, i64 d_current_year}
                      serialization.format 1
                      serialization.lib org.apache.hadoop.hive.ql.io.orc.OrcSerde
                      totalSize 607097
                      transient_lastDdlTime 1621862429
                    serde: org.apache.hadoop.hive.ql.io.orc.OrcSerde
                    name: tpcds_orc_100_transformed.date_dim
                  name: tpcds_orc_100_transformed.date_dim
            Truncated Path -> Alias:
              /tpcds_orc_100_transformed.db/date_dim [date_dim]
        Map 10 
            Map Operator Tree:
                TableScan
                  alias: date_dim
                  Statistics: Num rows: 73049 Data size: 11980036 Basic stats: COMPLETE Column stats: NONE
                  GatherStats: false
                  Filter Operator
                    isSamplingPred: false
                    predicate: ((d_year = 2000) and d_date_sk is not null) (type: boolean)
                    Statistics: Num rows: 36524 Data size: 5989936 Basic stats: COMPLETE Column stats: NONE
                    Select Operator
                      expressions: d_date_sk (type: bigint)
                      outputColumnNames: _col0
                      Statistics: Num rows: 36524 Data size: 5989936 Basic stats: COMPLETE Column stats: NONE
                      Reduce Output Operator
                        key expressions: _col0 (type: bigint)
                        null sort order: a
                        sort order: +
                        Map-reduce partition columns: _col0 (type: bigint)
                        Statistics: Num rows: 36524 Data size: 5989936 Basic stats: COMPLETE Column stats: NONE
                        tag: 1
                        auto parallelism: true
            Execution mode: vectorized
            Path -> Alias:
              hdfs://dbg20:9000/hive-3.1.0/tpcds_orc_100_transformed.db/date_dim [date_dim]
            Path -> Partition:
              hdfs://dbg20:9000/hive-3.1.0/tpcds_orc_100_transformed.db/date_dim 
                Partition
                  base file name: date_dim
                  input format: org.apache.hadoop.hive.ql.io.orc.OrcInputFormat
                  output format: org.apache.hadoop.hive.ql.io.orc.OrcOutputFormat
                  properties:
                    COLUMN_STATS_ACCURATE {"BASIC_STATS":"true"}
                    bucket_count -1
                    bucketing_version 2
                    column.name.delimiter ,
                    columns d_date_sk,d_date_id,d_date,d_month_seq,d_week_seq,d_quarter_seq,d_year,d_dow,d_moy,d_dom,d_qoy,d_fy_year,d_fy_quarter_seq,d_fy_week_seq,d_day_name,d_quarter_name,d_holiday,d_weekend,d_following_holiday,d_first_dom,d_last_dom,d_same_day_ly,d_same_day_lq,d_current_day,d_current_week,d_current_month,d_current_quarter,d_current_year
                    columns.comments 
                    columns.types bigint:bigint:bigint:int:int:int:int:int:int:int:int:int:int:int:bigint:bigint:bigint:bigint:bigint:int:int:int:int:bigint:bigint:bigint:bigint:bigint
                    file.inputformat org.apache.hadoop.hive.ql.io.orc.OrcInputFormat
                    file.outputformat org.apache.hadoop.hive.ql.io.orc.OrcOutputFormat
                    location hdfs://dbg20:9000/hive-3.1.0/tpcds_orc_100_transformed.db/date_dim
                    name tpcds_orc_100_transformed.date_dim
                    numFiles 1
                    numRows 73049
                    orc.compress NONE
                    rawDataSize 11980036
                    serialization.ddl struct date_dim { i64 d_date_sk, i64 d_date_id, i64 d_date, i32 d_month_seq, i32 d_week_seq, i32 d_quarter_seq, i32 d_year, i32 d_dow, i32 d_moy, i32 d_dom, i32 d_qoy, i32 d_fy_year, i32 d_fy_quarter_seq, i32 d_fy_week_seq, i64 d_day_name, i64 d_quarter_name, i64 d_holiday, i64 d_weekend, i64 d_following_holiday, i32 d_first_dom, i32 d_last_dom, i32 d_same_day_ly, i32 d_same_day_lq, i64 d_current_day, i64 d_current_week, i64 d_current_month, i64 d_current_quarter, i64 d_current_year}
                    serialization.format 1
                    serialization.lib org.apache.hadoop.hive.ql.io.orc.OrcSerde
                    totalSize 607097
                    transient_lastDdlTime 1621862429
                  serde: org.apache.hadoop.hive.ql.io.orc.OrcSerde
                
                    input format: org.apache.hadoop.hive.ql.io.orc.OrcInputFormat
                    output format: org.apache.hadoop.hive.ql.io.orc.OrcOutputFormat
                    properties:
                      COLUMN_STATS_ACCURATE {"BASIC_STATS":"true"}
                      bucket_count -1
                      bucketing_version 2
                      column.name.delimiter ,
                      columns d_date_sk,d_date_id,d_date,d_month_seq,d_week_seq,d_quarter_seq,d_year,d_dow,d_moy,d_dom,d_qoy,d_fy_year,d_fy_quarter_seq,d_fy_week_seq,d_day_name,d_quarter_name,d_holiday,d_weekend,d_following_holiday,d_first_dom,d_last_dom,d_same_day_ly,d_same_day_lq,d_current_day,d_current_week,d_current_month,d_current_quarter,d_current_year
                      columns.comments 
                      columns.types bigint:bigint:bigint:int:int:int:int:int:int:int:int:int:int:int:bigint:bigint:bigint:bigint:bigint:int:int:int:int:bigint:bigint:bigint:bigint:bigint
                      file.inputformat org.apache.hadoop.hive.ql.io.orc.OrcInputFormat
                      file.outputformat org.apache.hadoop.hive.ql.io.orc.OrcOutputFormat
                      location hdfs://dbg20:9000/hive-3.1.0/tpcds_orc_100_transformed.db/date_dim
                      name tpcds_orc_100_transformed.date_dim
                      numFiles 1
                      numRows 73049
                      orc.compress NONE
                      rawDataSize 11980036
                      serialization.ddl struct date_dim { i64 d_date_sk, i64 d_date_id, i64 d_date, i32 d_month_seq, i32 d_week_seq, i32 d_quarter_seq, i32 d_year, i32 d_dow, i32 d_moy, i32 d_dom, i32 d_qoy, i32 d_fy_year, i32 d_fy_quarter_seq, i32 d_fy_week_seq, i64 d_day_name, i64 d_quarter_name, i64 d_holiday, i64 d_weekend, i64 d_following_holiday, i32 d_first_dom, i32 d_last_dom, i32 d_same_day_ly, i32 d_same_day_lq, i64 d_current_day, i64 d_current_week, i64 d_current_month, i64 d_current_quarter, i64 d_current_year}
                      serialization.format 1
                      serialization.lib org.apache.hadoop.hive.ql.io.orc.OrcSerde
                      totalSize 607097
                      transient_lastDdlTime 1621862429
                    serde: org.apache.hadoop.hive.ql.io.orc.OrcSerde
                    name: tpcds_orc_100_transformed.date_dim
                  name: tpcds_orc_100_transformed.date_dim
            Truncated Path -> Alias:
              /tpcds_orc_100_transformed.db/date_dim [date_dim]
        Map 2 
            Map Operator Tree:
                TableScan
                  alias: store
                  Statistics: Num rows: 402 Data size: 82704 Basic stats: COMPLETE Column stats: NONE
                  GatherStats: false
                  Filter Operator
                    isSamplingPred: false
                    predicate: ((s_state = 3L) and s_store_sk is not null) (type: boolean)
                    Statistics: Num rows: 201 Data size: 41352 Basic stats: COMPLETE Column stats: NONE
                    Select Operator
                      expressions: s_store_sk (type: bigint)
                      outputColumnNames: _col0
                      Statistics: Num rows: 201 Data size: 41352 Basic stats: COMPLETE Column stats: NONE
                      Reduce Output Operator
                        key expressions: _col0 (type: bigint)
                        null sort order: a
                        sort order: +
                        Map-reduce partition columns: _col0 (type: bigint)
                        Statistics: Num rows: 201 Data size: 41352 Basic stats: COMPLETE Column stats: NONE
                        tag: 1
                        auto parallelism: true
            Execution mode: vectorized
            Path -> Alias:
              hdfs://dbg20:9000/hive-3.1.0/tpcds_orc_100_transformed.db/store [store]
            Path -> Partition:
              hdfs://dbg20:9000/hive-3.1.0/tpcds_orc_100_transformed.db/store 
                Partition
                  base file name: store
                  input format: org.apache.hadoop.hive.ql.io.orc.OrcInputFormat
                  output format: org.apache.hadoop.hive.ql.io.orc.OrcOutputFormat
                  properties:
                    COLUMN_STATS_ACCURATE {"BASIC_STATS":"true"}
                    bucket_count -1
                    bucketing_version 2
                    column.name.delimiter ,
                    columns s_store_sk,s_store_id,s_rec_start_date,s_rec_end_date,s_closed_date_sk,s_store_name,s_number_employees,s_floor_space,s_hours,s_manager,s_market_id,s_geography_class,s_market_desc,s_market_manager,s_division_id,s_division_name,s_company_id,s_company_name,s_street_number,s_street_name,s_street_type,s_suite_number,s_city,s_county,s_state,s_zip,s_country,s_gmt_offset,s_tax_percentage
                    columns.comments 
                    columns.types bigint:bigint:bigint:bigint:bigint:bigint:int:int:bigint:bigint:int:bigint:bigint:bigint:int:bigint:int:bigint:bigint:bigint:bigint:bigint:bigint:bigint:bigint:bigint:bigint:double:double
                    file.inputformat org.apache.hadoop.hive.ql.io.orc.OrcInputFormat
                    file.outputformat org.apache.hadoop.hive.ql.io.orc.OrcOutputFormat
                    location hdfs://dbg20:9000/hive-3.1.0/tpcds_orc_100_transformed.db/store
                    name tpcds_orc_100_transformed.store
                    numFiles 1
                    numRows 402
                    orc.compress NONE
                    rawDataSize 82704
                    serialization.ddl struct store { i64 s_store_sk, i64 s_store_id, i64 s_rec_start_date, i64 s_rec_end_date, i64 s_closed_date_sk, i64 s_store_name, i32 s_number_employees, i32 s_floor_space, i64 s_hours, i64 s_manager, i32 s_market_id, i64 s_geography_class, i64 s_market_desc, i64 s_market_manager, i32 s_division_id, i64 s_division_name, i32 s_company_id, i64 s_company_name, i64 s_street_number, i64 s_street_name, i64 s_street_type, i64 s_suite_number, i64 s_city, i64 s_county, i64 s_state, i64 s_zip, i64 s_country, double s_gmt_offset, double s_tax_percentage}
                    serialization.format 1
                    serialization.lib org.apache.hadoop.hive.ql.io.orc.OrcSerde
                    totalSize 23810
                    transient_lastDdlTime 1621862393
                  serde: org.apache.hadoop.hive.ql.io.orc.OrcSerde
                
                    input format: org.apache.hadoop.hive.ql.io.orc.OrcInputFormat
                    output format: org.apache.hadoop.hive.ql.io.orc.OrcOutputFormat
                    properties:
                      COLUMN_STATS_ACCURATE {"BASIC_STATS":"true"}
                      bucket_count -1
                      bucketing_version 2
                      column.name.delimiter ,
                      columns s_store_sk,s_store_id,s_rec_start_date,s_rec_end_date,s_closed_date_sk,s_store_name,s_number_employees,s_floor_space,s_hours,s_manager,s_market_id,s_geography_class,s_market_desc,s_market_manager,s_division_id,s_division_name,s_company_id,s_company_name,s_street_number,s_street_name,s_street_type,s_suite_number,s_city,s_county,s_state,s_zip,s_country,s_gmt_offset,s_tax_percentage
                      columns.comments 
                      columns.types bigint:bigint:bigint:bigint:bigint:bigint:int:int:bigint:bigint:int:bigint:bigint:bigint:int:bigint:int:bigint:bigint:bigint:bigint:bigint:bigint:bigint:bigint:bigint:bigint:double:double
                      file.inputformat org.apache.hadoop.hive.ql.io.orc.OrcInputFormat
                      file.outputformat org.apache.hadoop.hive.ql.io.orc.OrcOutputFormat
                      location hdfs://dbg20:9000/hive-3.1.0/tpcds_orc_100_transformed.db/store
                      name tpcds_orc_100_transformed.store
                      numFiles 1
                      numRows 402
                      orc.compress NONE
                      rawDataSize 82704
                      serialization.ddl struct store { i64 s_store_sk, i64 s_store_id, i64 s_rec_start_date, i64 s_rec_end_date, i64 s_closed_date_sk, i64 s_store_name, i32 s_number_employees, i32 s_floor_space, i64 s_hours, i64 s_manager, i32 s_market_id, i64 s_geography_class, i64 s_market_desc, i64 s_market_manager, i32 s_division_id, i64 s_division_name, i32 s_company_id, i64 s_company_name, i64 s_street_number, i64 s_street_name, i64 s_street_type, i64 s_suite_number, i64 s_city, i64 s_county, i64 s_state, i64 s_zip, i64 s_country, double s_gmt_offset, double s_tax_percentage}
                      serialization.format 1
                      serialization.lib org.apache.hadoop.hive.ql.io.orc.OrcSerde
                      totalSize 23810
                      transient_lastDdlTime 1621862393
                    serde: org.apache.hadoop.hive.ql.io.orc.OrcSerde
                    name: tpcds_orc_100_transformed.store
                  name: tpcds_orc_100_transformed.store
            Truncated Path -> Alias:
              /tpcds_orc_100_transformed.db/store [store]
        Map 3 
            Map Operator Tree:
                TableScan
                  alias: customer
                  Statistics: Num rows: 2000000 Data size: 260361952 Basic stats: COMPLETE Column stats: NONE
                  GatherStats: false
                  Filter Operator
                    isSamplingPred: false
                    predicate: c_customer_sk is not null (type: boolean)
                    Statistics: Num rows: 2000000 Data size: 260361952 Basic stats: COMPLETE Column stats: NONE
                    Select Operator
                      expressions: c_customer_sk (type: bigint), c_customer_id (type: bigint)
                      outputColumnNames: _col0, _col1
                      Statistics: Num rows: 2000000 Data size: 260361952 Basic stats: COMPLETE Column stats: NONE
                      Reduce Output Operator
                        key expressions: _col0 (type: bigint)
                        null sort order: a
                        sort order: +
                        Map-reduce partition columns: _col0 (type: bigint)
                        Statistics: Num rows: 2000000 Data size: 260361952 Basic stats: COMPLETE Column stats: NONE
                        tag: 1
                        value expressions: _col1 (type: bigint)
                        auto parallelism: true
            Execution mode: vectorized
            Path -> Alias:
              hdfs://dbg20:9000/hive-3.1.0/tpcds_orc_100_transformed.db/customer [customer]
            Path -> Partition:
              hdfs://dbg20:9000/hive-3.1.0/tpcds_orc_100_transformed.db/customer 
                Partition
                  base file name: customer
                  input format: org.apache.hadoop.hive.ql.io.orc.OrcInputFormat
                  output format: org.apache.hadoop.hive.ql.io.orc.OrcOutputFormat
                  properties:
                    COLUMN_STATS_ACCURATE {"BASIC_STATS":"true"}
                    bucket_count -1
                    bucketing_version 2
                    column.name.delimiter ,
                    columns c_customer_sk,c_customer_id,c_current_cdemo_sk,c_current_hdemo_sk,c_current_addr_sk,c_first_shipto_date_sk,c_first_sales_date_sk,c_salutation,c_first_name,c_last_name,c_preferred_cust_flag,c_birth_day,c_birth_month,c_birth_year,c_birth_country,c_login,c_email_address,c_last_review_date_sk
                    columns.comments 
                    columns.types bigint:bigint:bigint:bigint:bigint:bigint:bigint:bigint:bigint:bigint:bigint:int:int:int:bigint:bigint:bigint:bigint
                    file.inputformat org.apache.hadoop.hive.ql.io.orc.OrcInputFormat
                    file.outputformat org.apache.hadoop.hive.ql.io.orc.OrcOutputFormat
                    location hdfs://dbg20:9000/hive-3.1.0/tpcds_orc_100_transformed.db/customer
                    name tpcds_orc_100_transformed.customer
                    numFiles 5
                    numRows 2000000
                    orc.compress NONE
                    rawDataSize 260361952
                    serialization.ddl struct customer { i64 c_customer_sk, i64 c_customer_id, i64 c_current_cdemo_sk, i64 c_current_hdemo_sk, i64 c_current_addr_sk, i64 c_first_shipto_date_sk, i64 c_first_sales_date_sk, i64 c_salutation, i64 c_first_name, i64 c_last_name, i64 c_preferred_cust_flag, i32 c_birth_day, i32 c_birth_month, i32 c_birth_year, i64 c_birth_country, i64 c_login, i64 c_email_address, i64 c_last_review_date_sk}
                    serialization.format 1
                    serialization.lib org.apache.hadoop.hive.ql.io.orc.OrcSerde
                    totalSize 68829988
                    transient_lastDdlTime 1621862411
                  serde: org.apache.hadoop.hive.ql.io.orc.OrcSerde
                
                    input format: org.apache.hadoop.hive.ql.io.orc.OrcInputFormat
                    output format: org.apache.hadoop.hive.ql.io.orc.OrcOutputFormat
                    properties:
                      COLUMN_STATS_ACCURATE {"BASIC_STATS":"true"}
                      bucket_count -1
                      bucketing_version 2
                      column.name.delimiter ,
                      columns c_customer_sk,c_customer_id,c_current_cdemo_sk,c_current_hdemo_sk,c_current_addr_sk,c_first_shipto_date_sk,c_first_sales_date_sk,c_salutation,c_first_name,c_last_name,c_preferred_cust_flag,c_birth_day,c_birth_month,c_birth_year,c_birth_country,c_login,c_email_address,c_last_review_date_sk
                      columns.comments 
                      columns.types bigint:bigint:bigint:bigint:bigint:bigint:bigint:bigint:bigint:bigint:bigint:int:int:int:bigint:bigint:bigint:bigint
                      file.inputformat org.apache.hadoop.hive.ql.io.orc.OrcInputFormat
                      file.outputformat org.apache.hadoop.hive.ql.io.orc.OrcOutputFormat
                      location hdfs://dbg20:9000/hive-3.1.0/tpcds_orc_100_transformed.db/customer
                      name tpcds_orc_100_transformed.customer
                      numFiles 5
                      numRows 2000000
                      orc.compress NONE
                      rawDataSize 260361952
                      serialization.ddl struct customer { i64 c_customer_sk, i64 c_customer_id, i64 c_current_cdemo_sk, i64 c_current_hdemo_sk, i64 c_current_addr_sk, i64 c_first_shipto_date_sk, i64 c_first_sales_date_sk, i64 c_salutation, i64 c_first_name, i64 c_last_name, i64 c_preferred_cust_flag, i32 c_birth_day, i32 c_birth_month, i32 c_birth_year, i64 c_birth_country, i64 c_login, i64 c_email_address, i64 c_last_review_date_sk}
                      serialization.format 1
                      serialization.lib org.apache.hadoop.hive.ql.io.orc.OrcSerde
                      totalSize 68829988
                      transient_lastDdlTime 1621862411
                    serde: org.apache.hadoop.hive.ql.io.orc.OrcSerde
                    name: tpcds_orc_100_transformed.customer
                  name: tpcds_orc_100_transformed.customer
            Truncated Path -> Alias:
              /tpcds_orc_100_transformed.db/customer [customer]
        Map 7 
            Map Operator Tree:
                TableScan
                  alias: store_returns
                  Statistics: Num rows: 28795080 Data size: 4350923032 Basic stats: COMPLETE Column stats: NONE
                  GatherStats: false
                  Filter Operator
                    isSamplingPred: false
                    predicate: (sr_returned_date_sk is not null and sr_store_sk is not null) (type: boolean)
                    Statistics: Num rows: 28795080 Data size: 4350923032 Basic stats: COMPLETE Column stats: NONE
                    Select Operator
                      expressions: sr_returned_date_sk (type: bigint), sr_customer_sk (type: bigint), sr_store_sk (type: bigint), sr_fee (type: double)
                      outputColumnNames: _col0, _col1, _col2, _col3
                      Statistics: Num rows: 28795080 Data size: 4350923032 Basic stats: COMPLETE Column stats: NONE
                      Map Join Operator
                        condition map:
                             Inner Join 0 to 1
                        Estimated key counts: Map 10 => 36524
                        keys:
                          0 _col0 (type: bigint)
                          1 _col0 (type: bigint)
                        outputColumnNames: _col1, _col2, _col3
                        input vertices:
                          1 Map 10
                        Position of Big Table: 0
                        Statistics: Num rows: 31674588 Data size: 4786015438 Basic stats: COMPLETE Column stats: NONE
                        HybridGraceHashJoin: true
                        Group By Operator
                          aggregations: sum(_col3)
                          keys: _col2 (type: bigint), _col1 (type: bigint)
                          mode: hash
                          outputColumnNames: _col0, _col1, _col2
                          Statistics: Num rows: 31674588 Data size: 4786015438 Basic stats: COMPLETE Column stats: NONE
                          Reduce Output Operator
                            key expressions: _col0 (type: bigint), _col1 (type: bigint)
                            null sort order: aa
                            sort order: ++
                            Map-reduce partition columns: _col0 (type: bigint)
                            Statistics: Num rows: 31674588 Data size: 4786015438 Basic stats: COMPLETE Column stats: NONE
                            tag: -1
                            value expressions: _col2 (type: double)
                            auto parallelism: true
                  Filter Operator
                    isSamplingPred: false
                    predicate: (sr_returned_date_sk is not null and sr_store_sk is not null and sr_customer_sk is not null) (type: boolean)
                    Statistics: Num rows: 28795080 Data size: 4350923032 Basic stats: COMPLETE Column stats: NONE
                    Select Operator
                      expressions: sr_returned_date_sk (type: bigint), sr_customer_sk (type: bigint), sr_store_sk (type: bigint), sr_fee (type: double)
                      outputColumnNames: _col0, _col1, _col2, _col3
                      Statistics: Num rows: 28795080 Data size: 4350923032 Basic stats: COMPLETE Column stats: NONE
                      Map Join Operator
                        condition map:
                             Inner Join 0 to 1
                        Estimated key counts: Map 1 => 36524
                        keys:
                          0 _col0 (type: bigint)
                          1 _col0 (type: bigint)
                        outputColumnNames: _col1, _col2, _col3
                        input vertices:
                          1 Map 1
                        Position of Big Table: 0
                        Statistics: Num rows: 31674588 Data size: 4786015438 Basic stats: COMPLETE Column stats: NONE
                        HybridGraceHashJoin: true
                        Group By Operator
                          aggregations: sum(_col3)
                          keys: _col2 (type: bigint), _col1 (type: bigint)
                          mode: hash
                          outputColumnNames: _col0, _col1, _col2
                          Statistics: Num rows: 31674588 Data size: 4786015438 Basic stats: COMPLETE Column stats: NONE
                          Reduce Output Operator
                            key expressions: _col0 (type: bigint), _col1 (type: bigint)
                            null sort order: aa
                            sort order: ++
                            Map-reduce partition columns: _col0 (type: bigint), _col1 (type: bigint)
                            Statistics: Num rows: 31674588 Data size: 4786015438 Basic stats: COMPLETE Column stats: NONE
                            tag: -1
                            value expressions: _col2 (type: double)
                            auto parallelism: true
            Execution mode: vectorized
            Path -> Alias:
              hdfs://dbg20:9000/hive-3.1.0/tpcds_orc_100_transformed.db/store_returns [store_returns]
            Path -> Partition:
              hdfs://dbg20:9000/hive-3.1.0/tpcds_orc_100_transformed.db/store_returns 
                Partition
                  base file name: store_returns
                  input format: org.apache.hadoop.hive.ql.io.orc.OrcInputFormat
                  output format: org.apache.hadoop.hive.ql.io.orc.OrcOutputFormat
                  properties:
                    COLUMN_STATS_ACCURATE {"BASIC_STATS":"true"}
                    bucket_count -1
                    bucketing_version 2
                    column.name.delimiter ,
                    columns sr_returned_date_sk,sr_return_time_sk,sr_item_sk,sr_customer_sk,sr_cdemo_sk,sr_hdemo_sk,sr_addr_sk,sr_store_sk,sr_reason_sk,sr_ticket_number,sr_return_quantity,sr_return_amt,sr_return_tax,sr_return_amt_inc_tax,sr_fee,sr_return_ship_cost,sr_refunded_cash,sr_reversed_charge,sr_store_credit,sr_net_loss
                    columns.comments 
                    columns.types bigint:bigint:bigint:bigint:bigint:bigint:bigint:bigint:bigint:bigint:int:double:double:double:double:double:double:double:double:double
                    file.inputformat org.apache.hadoop.hive.ql.io.orc.OrcInputFormat
                    file.outputformat org.apache.hadoop.hive.ql.io.orc.OrcOutputFormat
                    location hdfs://dbg20:9000/hive-3.1.0/tpcds_orc_100_transformed.db/store_returns
                    name tpcds_orc_100_transformed.store_returns
                    numFiles 20
                    numRows 28795080
                    orc.compress NONE
                    rawDataSize 4350923032
                    serialization.ddl struct store_returns { i64 sr_returned_date_sk, i64 sr_return_time_sk, i64 sr_item_sk, i64 sr_customer_sk, i64 sr_cdemo_sk, i64 sr_hdemo_sk, i64 sr_addr_sk, i64 sr_store_sk, i64 sr_reason_sk, i64 sr_ticket_number, i32 sr_return_quantity, double sr_return_amt, double sr_return_tax, double sr_return_amt_inc_tax, double sr_fee, double sr_return_ship_cost, double sr_refunded_cash, double sr_reversed_charge, double sr_store_credit, double sr_net_loss}
                    serialization.format 1
                    serialization.lib org.apache.hadoop.hive.ql.io.orc.OrcSerde
                    totalSize 2770439545
                    transient_lastDdlTime 1621861647
                  serde: org.apache.hadoop.hive.ql.io.orc.OrcSerde
                
                    input format: org.apache.hadoop.hive.ql.io.orc.OrcInputFormat
                    output format: org.apache.hadoop.hive.ql.io.orc.OrcOutputFormat
                    properties:
                      COLUMN_STATS_ACCURATE {"BASIC_STATS":"true"}
                      bucket_count -1
                      bucketing_version 2
                      column.name.delimiter ,
                      columns sr_returned_date_sk,sr_return_time_sk,sr_item_sk,sr_customer_sk,sr_cdemo_sk,sr_hdemo_sk,sr_addr_sk,sr_store_sk,sr_reason_sk,sr_ticket_number,sr_return_quantity,sr_return_amt,sr_return_tax,sr_return_amt_inc_tax,sr_fee,sr_return_ship_cost,sr_refunded_cash,sr_reversed_charge,sr_store_credit,sr_net_loss
                      columns.comments 
                      columns.types bigint:bigint:bigint:bigint:bigint:bigint:bigint:bigint:bigint:bigint:int:double:double:double:double:double:double:double:double:double
                      file.inputformat org.apache.hadoop.hive.ql.io.orc.OrcInputFormat
                      file.outputformat org.apache.hadoop.hive.ql.io.orc.OrcOutputFormat
                      location hdfs://dbg20:9000/hive-3.1.0/tpcds_orc_100_transformed.db/store_returns
                      name tpcds_orc_100_transformed.store_returns
                      numFiles 20
                      numRows 28795080
                      orc.compress NONE
                      rawDataSize 4350923032
                      serialization.ddl struct store_returns { i64 sr_returned_date_sk, i64 sr_return_time_sk, i64 sr_item_sk, i64 sr_customer_sk, i64 sr_cdemo_sk, i64 sr_hdemo_sk, i64 sr_addr_sk, i64 sr_store_sk, i64 sr_reason_sk, i64 sr_ticket_number, i32 sr_return_quantity, double sr_return_amt, double sr_return_tax, double sr_return_amt_inc_tax, double sr_fee, double sr_return_ship_cost, double sr_refunded_cash, double sr_reversed_charge, double sr_store_credit, double sr_net_loss}
                      serialization.format 1
                      serialization.lib org.apache.hadoop.hive.ql.io.orc.OrcSerde
                      totalSize 2770439545
                      transient_lastDdlTime 1621861647
                    serde: org.apache.hadoop.hive.ql.io.orc.OrcSerde
                    name: tpcds_orc_100_transformed.store_returns
                  name: tpcds_orc_100_transformed.store_returns
            Truncated Path -> Alias:
              /tpcds_orc_100_transformed.db/store_returns [store_returns]
        Reducer 4 
            Needs Tagging: false
            Reduce Operator Tree:
              Merge Join Operator
                condition map:
                     Inner Join 0 to 1
                keys:
                  0 _col0 (type: bigint)
                  1 _col0 (type: bigint)
                outputColumnNames: _col1, _col2, _col6
                Position of Big Table: 0
                Statistics: Num rows: 19163125 Data size: 2895539464 Basic stats: COMPLETE Column stats: NONE
                Reduce Output Operator
                  key expressions: _col1 (type: bigint)
                  null sort order: a
                  sort order: +
                  Map-reduce partition columns: _col1 (type: bigint)
                  Statistics: Num rows: 19163125 Data size: 2895539464 Basic stats: COMPLETE Column stats: NONE
                  tag: 0
                  value expressions: _col2 (type: double), _col6 (type: bigint)
                  auto parallelism: true
        Reducer 5 
            Needs Tagging: false
            Reduce Operator Tree:
              Merge Join Operator
                condition map:
                     Inner Join 0 to 1
                keys:
                  0 _col1 (type: bigint)
                  1 _col1 (type: bigint)
                outputColumnNames: _col2, _col6, _col7
                Position of Big Table: 0
                Statistics: Num rows: 21079437 Data size: 3185093479 Basic stats: COMPLETE Column stats: NONE
                Filter Operator
                  isSamplingPred: false
                  predicate: (_col2 > _col7) (type: boolean)
                  Statistics: Num rows: 7026479 Data size: 1061697826 Basic stats: COMPLETE Column stats: NONE
                  Select Operator
                    expressions: _col6 (type: bigint)
                    outputColumnNames: _col0
                    Statistics: Num rows: 7026479 Data size: 1061697826 Basic stats: COMPLETE Column stats: NONE
                    Reduce Output Operator
                      key expressions: _col0 (type: bigint)
                      null sort order: a
                      sort order: +
                      Statistics: Num rows: 7026479 Data size: 1061697826 Basic stats: COMPLETE Column stats: NONE
                      tag: -1
                      TopN: 100
                      TopN Hash Memory Usage: 0.1
                      auto parallelism: false
        Reducer 6 
            Execution mode: vectorized
            Needs Tagging: false
            Reduce Operator Tree:
              Select Operator
                expressions: KEY.reducesinkkey0 (type: bigint)
                outputColumnNames: _col0
                Statistics: Num rows: 7026479 Data size: 1061697826 Basic stats: COMPLETE Column stats: NONE
                Limit
                  Number of rows: 100
                  Statistics: Num rows: 100 Data size: 15100 Basic stats: COMPLETE Column stats: NONE
                  File Output Operator
                    compressed: false
                    GlobalTableId: 0
                    directory: hdfs://dbg20:9000/tmp/hive/hive/2a47ee1a-797e-49e7-bd2f-688038420cbd/hive_2021-06-25_11-21-21_857_91988367578206045-1/-mr-10001/.hive-staging_hive_2021-06-25_11-21-21_857_91988367578206045-1/-ext-10002
                    NumFilesPerFileSink: 1
                    Statistics: Num rows: 100 Data size: 15100 Basic stats: COMPLETE Column stats: NONE
                    Stats Publishing Key Prefix: hdfs://dbg20:9000/tmp/hive/hive/2a47ee1a-797e-49e7-bd2f-688038420cbd/hive_2021-06-25_11-21-21_857_91988367578206045-1/-mr-10001/.hive-staging_hive_2021-06-25_11-21-21_857_91988367578206045-1/-ext-10002/
                    table:
                        input format: org.apache.hadoop.mapred.SequenceFileInputFormat
                        output format: org.apache.hadoop.hive.ql.io.HiveSequenceFileOutputFormat
                        properties:
                          columns _col0
                          columns.types bigint
                          escape.delim \
                          hive.serialization.extend.additional.nesting.levels true
                          serialization.escape.crlf true
                          serialization.format 1
                          serialization.lib org.apache.hadoop.hive.serde2.lazy.LazySimpleSerDe
                        serde: org.apache.hadoop.hive.serde2.lazy.LazySimpleSerDe
                    TotalFiles: 1
                    GatherStats: false
                    MultiFileSpray: false
        Reducer 8 
            Execution mode: vectorized
            Needs Tagging: false
            Reduce Operator Tree:
              Group By Operator
                aggregations: sum(VALUE._col0)
                keys: KEY._col0 (type: bigint), KEY._col1 (type: bigint)
                mode: mergepartial
                outputColumnNames: _col0, _col1, _col2
                Statistics: Num rows: 15837294 Data size: 2393007719 Basic stats: COMPLETE Column stats: NONE
                Select Operator
                  expressions: _col0 (type: bigint), _col2 (type: double)
                  outputColumnNames: _col1, _col2
                  Statistics: Num rows: 15837294 Data size: 2393007719 Basic stats: COMPLETE Column stats: NONE
                  Group By Operator
                    aggregations: sum(_col2), count(_col2)
                    keys: _col1 (type: bigint)
                    mode: complete
                    outputColumnNames: _col0, _col1, _col2
                    Statistics: Num rows: 7918647 Data size: 1196503859 Basic stats: COMPLETE Column stats: NONE
                    Select Operator
                      expressions: ((_col1 / _col2) * 1.2D) (type: double), _col0 (type: bigint)
                      outputColumnNames: _col0, _col1
                      Statistics: Num rows: 7918647 Data size: 1196503859 Basic stats: COMPLETE Column stats: NONE
                      Reduce Output Operator
                        key expressions: _col1 (type: bigint)
                        null sort order: a
                        sort order: +
                        Map-reduce partition columns: _col1 (type: bigint)
                        Statistics: Num rows: 7918647 Data size: 1196503859 Basic stats: COMPLETE Column stats: NONE
                        tag: 1
                        value expressions: _col0 (type: double)
                        auto parallelism: true
        Reducer 9 
            Execution mode: vectorized
            Needs Tagging: false
            Reduce Operator Tree:
              Group By Operator
                aggregations: sum(VALUE._col0)
                keys: KEY._col0 (type: bigint), KEY._col1 (type: bigint)
                mode: mergepartial
                outputColumnNames: _col0, _col1, _col2
                Statistics: Num rows: 15837294 Data size: 2393007719 Basic stats: COMPLETE Column stats: NONE
                Select Operator
                  expressions: _col1 (type: bigint), _col0 (type: bigint), _col2 (type: double)
                  outputColumnNames: _col0, _col1, _col2
                  Statistics: Num rows: 15837294 Data size: 2393007719 Basic stats: COMPLETE Column stats: NONE
                  Map Join Operator
                    condition map:
                         Inner Join 0 to 1
                    Estimated key counts: Map 2 => 20
                    keys:
                      0 _col1 (type: bigint)
                      1 _col0 (type: bigint)
                    outputColumnNames: _col0, _col1, _col2
                    input vertices:
                      1 Map 2
                    Position of Big Table: 0
                    Statistics: Num rows: 17421023 Data size: 2632308547 Basic stats: COMPLETE Column stats: NONE
                    BucketMapJoin: true
                    HybridGraceHashJoin: true
                    Reduce Output Operator
                      key expressions: _col0 (type: bigint)
                      null sort order: a
                      sort order: +
                      Map-reduce partition columns: _col0 (type: bigint)
                      Statistics: Num rows: 17421023 Data size: 2632308547 Basic stats: COMPLETE Column stats: NONE
                      tag: 0
                      value expressions: _col1 (type: bigint), _col2 (type: double)
                      auto parallelism: true

  Stage: Stage-0
    Fetch Operator
      limit: 100
      Processor Tree:
        ListSink

